<?xml version="1.0" encoding="UTF-8"?>
<!-- Generated by org.testng.reporters.JUnitReportReporter -->
<testsuite hostname="IN-BLR-SHRVSL1" name="CDMNext.runner.TestRunner" tests="1" failures="0" timestamp="25 May 2018 12:31:24 GMT" time="175.694" errors="1">
  <testcase name="feature" time="175.694" classname="CDMNext.runner.TestRunner">
    <error type="cucumber.runtime.CucumberException" message="java.lang.AssertionError: 季 节 OR  时 节 doesnot exists in the Country: 保加利亚
Name: 劳工成本指数
Unit: 2012年=100
Frequency: 季
First date: 03/01/2000
Last date: 12/01/2017
Num of observations: 72
Last change %: 3.87
Last value: 147.70
Last updated: 03/20/2018
Source: Национален Статистически Институт
Series id: 368286327
Economic classification: Labour market
Indicator: Labour Cost">
      <![CDATA[cucumber.runtime.CucumberException: java.lang.AssertionError: 季 节 OR  时 节 doesnot exists in the Country: 保加利亚
Name: 劳工成本指数
Unit: 2012年=100
Frequency: 季
First date: 03/01/2000
Last date: 12/01/2017
Num of observations: 72
Last change %: 3.87
Last value: 147.70
Last updated: 03/20/2018
Source: Национален Статистически Институт
Series id: 368286327
Economic classification: Labour market
Indicator: Labour Cost
	at cucumber.api.testng.TestNGCucumberRunner.runCucumber(TestNGCucumberRunner.java:69)
	at CDMNext.runner.TestRunner.feature(TestRunner.java:32)
	at sun.reflect.NativeMethodAccessorImpl.invoke0(Native Method)
	at sun.reflect.NativeMethodAccessorImpl.invoke(NativeMethodAccessorImpl.java:62)
	at sun.reflect.DelegatingMethodAccessorImpl.invoke(DelegatingMethodAccessorImpl.java:43)
	at java.lang.reflect.Method.invoke(Method.java:498)
	at org.testng.internal.MethodInvocationHelper.invokeMethod(MethodInvocationHelper.java:85)
	at org.testng.internal.Invoker.invokeMethod(Invoker.java:639)
	at org.testng.internal.Invoker.invokeTestMethod(Invoker.java:816)
	at org.testng.internal.Invoker.invokeTestMethods(Invoker.java:1124)
	at org.testng.internal.TestMethodWorker.invokeTestMethods(TestMethodWorker.java:125)
	at org.testng.internal.TestMethodWorker.run(TestMethodWorker.java:108)
	at org.testng.TestRunner.privateRun(TestRunner.java:774)
	at org.testng.TestRunner.run(TestRunner.java:624)
	at org.testng.SuiteRunner.runTest(SuiteRunner.java:359)
	at org.testng.SuiteRunner.runSequentially(SuiteRunner.java:354)
	at org.testng.SuiteRunner.privateRun(SuiteRunner.java:312)
	at org.testng.SuiteRunner.run(SuiteRunner.java:261)
	at org.testng.SuiteRunnerWorker.runSuite(SuiteRunnerWorker.java:52)
	at org.testng.SuiteRunnerWorker.run(SuiteRunnerWorker.java:86)
	at org.testng.TestNG.runSuitesSequentially(TestNG.java:1191)
	at org.testng.TestNG.runSuitesLocally(TestNG.java:1116)
	at org.testng.TestNG.run(TestNG.java:1024)
	at org.testng.remote.AbstractRemoteTestNG.run(AbstractRemoteTestNG.java:114)
	at org.testng.remote.RemoteTestNG.initAndRun(RemoteTestNG.java:251)
	at org.testng.remote.RemoteTestNG.main(RemoteTestNG.java:77)
Caused by: java.lang.AssertionError: 季 节 OR  时 节 doesnot exists in the Country: 保加利亚
Name: 劳工成本指数
Unit: 2012年=100
Frequency: 季
First date: 03/01/2000
Last date: 12/01/2017
Num of observations: 72
Last change %: 3.87
Last value: 147.70
Last updated: 03/20/2018
Source: Национален Статистически Институт
Series id: 368286327
Economic classification: Labour market
Indicator: Labour Cost
	at org.testng.Assert.fail(Assert.java:94)
	at CDMNext.StepDefinations.SearchTest.user_verify_keyword_search_results(SearchTest.java:243)
	at ✽.Then User verify keyword search results(src/test/java/CDMNext/Features/search.Feature:1373)
]]>
    </error>
  </testcase> <!-- feature -->
</testsuite> <!-- CDMNext.runner.TestRunner -->
