<?xml version="1.0" encoding="UTF-8"?>
<!-- Generated by org.testng.reporters.JUnitReportReporter -->
<testsuite hostname="IN-BLR-SHRVSL1" name="CDMNext.runner.TestRunner" tests="2" failures="0" timestamp="29 Oct 2018 12:19:26 GMT" time="456.928" errors="0">
  <testcase name="feature" time="434.716" classname="CDMNext.runner.TestRunner"/>
  <testcase name="feature" time="22.212" classname="CDMNext.runner.TestRunner"/>
</testsuite> <!-- CDMNext.runner.TestRunner -->
