<?xml version="1.0" encoding="UTF-8"?>
<!-- Generated by org.testng.reporters.JUnitReportReporter -->
<testsuite hostname="IN-BLR-SHRVSL22" name="CDMNext.runner.TestRunner" tests="1" failures="0" timestamp="26 Apr 2018 09:26:24 GMT" time="77.022" errors="0">
  <testcase name="feature" time="77.022" classname="CDMNext.runner.TestRunner"/>
</testsuite> <!-- CDMNext.runner.TestRunner -->
