<?xml version="1.0" encoding="UTF-8"?>
<!-- Generated by org.testng.reporters.JUnitReportReporter -->
<testsuite hostname="IN-BLR-SHRVSL1" name="CDMNext.runner.TestRunner" tests="1" failures="0" timestamp="29 Oct 2018 05:53:21 GMT" time="98.665" errors="0">
  <testcase name="feature" time="98.665" classname="CDMNext.runner.TestRunner"/>
</testsuite> <!-- CDMNext.runner.TestRunner -->
