<?xml version="1.0" encoding="UTF-8"?>
<!-- Generated by org.testng.reporters.JUnitReportReporter -->
<testsuite hostname="IN-BLR-L008" name="CDMNext.runner.TestRunner" tests="1" failures="0" timestamp="6 Jun 2022 06:07:03 GMT" time="128.274" errors="0">
  <testcase name="feature" time="128.274" classname="CDMNext.runner.TestRunner"/>
</testsuite> <!-- CDMNext.runner.TestRunner -->
