<?xml version="1.0" encoding="UTF-8"?>
<!-- Generated by org.testng.reporters.JUnitReportReporter -->
<testsuite hostname="SHRVS-76DQ9H2" name="NewTest" tests="2"
	failures="0" timestamp="26 Feb 2018 10:37:07 GMT" time="0.006" errors="0">
	<testcase name="f" time="0.002" classname="NewTest" />
	<testcase name="f" time="0.004" classname="NewTest" />
</testsuite> <!-- NewTest -->
