<?xml version="1.0" encoding="UTF-8"?>
<!-- Generated by org.testng.reporters.JUnitReportReporter -->
<testsuite hostname="IN-BLR-SHRVSL1" name="CDMNext.runner.TestRunner" tests="1" failures="0" timestamp="20 Jun 2018 06:40:09 GMT" time="63.956" errors="0">
  <testcase name="feature" time="63.956" classname="CDMNext.runner.TestRunner"/>
</testsuite> <!-- CDMNext.runner.TestRunner -->
